Compiling the C compiler identification source file "CMakeCCompilerId.c" failed.
Compiler: /Library/Developer/CommandLineTools/usr/bin/cc 
Build flags: 
Id flags:  

The output was:
1
ld: library not found for -lSystem
clang: error: linker command failed with exit code 1 (use -v to see invocation)


Compiling the CXX compiler identification source file "CMakeCXXCompilerId.cpp" failed.
Compiler: /Library/Developer/CommandLineTools/usr/bin/c++ 
Build flags: 
Id flags:  

The output was:
1
ld: library not found for -lc++
clang: error: linker command failed with exit code 1 (use -v to see invocation)


Performing C SOURCE FILE Test SCOTCH_Num_4 failed with the following compile output:
Change Dir: /Users/karnae0000/Documents/researches/SO/topoptlib/mmg/build/CMakeFiles/CMakeTmp

Run Build Command(s):/usr/bin/make -f Makefile cmTC_dcf04/fast && /Library/Developer/CommandLineTools/usr/bin/make  -f CMakeFiles/cmTC_dcf04.dir/build.make CMakeFiles/cmTC_dcf04.dir/build
Building C object CMakeFiles/cmTC_dcf04.dir/src.c.o
/Library/Developer/CommandLineTools/usr/bin/cc -DSCOTCH_Num_4  -arch arm64 -isysroot /Library/Developer/CommandLineTools/SDKs/MacOSX13.3.sdk -MD -MT CMakeFiles/cmTC_dcf04.dir/src.c.o -MF CMakeFiles/cmTC_dcf04.dir/src.c.o.d -o CMakeFiles/cmTC_dcf04.dir/src.c.o -c /Users/karnae0000/Documents/researches/SO/topoptlib/mmg/build/CMakeFiles/CMakeTmp/src.c
/Users/karnae0000/Documents/researches/SO/topoptlib/mmg/build/CMakeFiles/CMakeTmp/src.c:4:10: fatal error: 'scotch.h' file not found
#include <scotch.h>
         ^~~~~~~~~~
1 error generated.
make[1]: *** [CMakeFiles/cmTC_dcf04.dir/src.c.o] Error 1
make: *** [cmTC_dcf04/fast] Error 2


...and run output:

Return value: 1
Source file was:

#include <stdio.h>
#include <stdint.h>
#include <scotch.h>
int main(int argc, char **argv) {
  if (sizeof(SCOTCH_Num) == 4)
    return 0;
  else
    return 1;
}

Performing C SOURCE FILE Test SCOTCH_Num_8 failed with the following compile output:
Change Dir: /Users/karnae0000/Documents/researches/SO/topoptlib/mmg/build/CMakeFiles/CMakeTmp

Run Build Command(s):/usr/bin/make -f Makefile cmTC_5734d/fast && /Library/Developer/CommandLineTools/usr/bin/make  -f CMakeFiles/cmTC_5734d.dir/build.make CMakeFiles/cmTC_5734d.dir/build
Building C object CMakeFiles/cmTC_5734d.dir/src.c.o
/Library/Developer/CommandLineTools/usr/bin/cc -DSCOTCH_Num_8  -arch arm64 -isysroot /Library/Developer/CommandLineTools/SDKs/MacOSX13.3.sdk -MD -MT CMakeFiles/cmTC_5734d.dir/src.c.o -MF CMakeFiles/cmTC_5734d.dir/src.c.o.d -o CMakeFiles/cmTC_5734d.dir/src.c.o -c /Users/karnae0000/Documents/researches/SO/topoptlib/mmg/build/CMakeFiles/CMakeTmp/src.c
/Users/karnae0000/Documents/researches/SO/topoptlib/mmg/build/CMakeFiles/CMakeTmp/src.c:4:10: fatal error: 'scotch.h' file not found
#include <scotch.h>
         ^~~~~~~~~~
1 error generated.
make[1]: *** [CMakeFiles/cmTC_5734d.dir/src.c.o] Error 1
make: *** [cmTC_5734d/fast] Error 2


...and run output:

Return value: 1
Source file was:

#include <stdio.h>
#include <stdint.h>
#include <scotch.h>
int main(int argc, char **argv) {
  if (sizeof(SCOTCH_Num) == 8)
    return 0;
  else
    return 1;
}

